<?xml version="1.0" encoding="UTF-8"?>
<testng-results ignored="0" total="1" passed="1" failed="0" skipped="0">
  <reporter-output>
  </reporter-output>
  <suite started-at="2025-04-22T16:10:10 IST" name="com.selenium_automation.RunnerTest" finished-at="2025-04-22T16:10:16 IST" duration-ms="5318">
    <groups>
      <group name="cucumber">
        <method signature="AbstractTestNGCucumberTests.runScenario(io.cucumber.testng.PickleWrapper,io.cucumber.testng.FeatureWrapper)[pri:0, instance:com.selenium_automation.RunnerTest@1f1c7bf6]" name="runScenario" class="io.cucumber.testng.AbstractTestNGCucumberTests"/>
      </group> <!-- cucumber -->
    </groups>
    <test started-at="2025-04-22T16:10:10 IST" name="Command line test" finished-at="2025-04-22T16:10:16 IST" duration-ms="5318">
      <class name="com.selenium_automation.RunnerTest">
        <test-method is-config="true" signature="setUpClass(org.testng.ITestContext)[pri:0, instance:com.selenium_automation.RunnerTest@1f1c7bf6]" started-at="2025-04-22T16:10:10 IST" name="setUpClass" finished-at="2025-04-22T16:10:11 IST" duration-ms="337" status="PASS">
          <params>
            <param index="0">
              <value>
                <![CDATA[org.testng.TestRunner@dffa30b]]>
              </value>
            </param>
          </params>
          <reporter-output>
          </reporter-output>
        </test-method> <!-- setUpClass -->
        <test-method signature="runScenario(io.cucumber.testng.PickleWrapper,io.cucumber.testng.FeatureWrapper)[pri:0, instance:com.selenium_automation.RunnerTest@1f1c7bf6]" started-at="2025-04-22T16:10:11 IST" name="runScenario" description="Runs Cucumber Scenarios" data-provider="scenarios" finished-at="2025-04-22T16:10:16 IST" duration-ms="4893" status="PASS">
          <params>
            <param index="0">
              <value>
                <![CDATA["Swag Labs Login"]]>
              </value>
            </param>
            <param index="1">
              <value>
                <![CDATA["Swag Labs Login"]]>
              </value>
            </param>
          </params>
          <reporter-output>
          </reporter-output>
        </test-method> <!-- runScenario -->
        <test-method is-config="true" signature="tearDownClass()[pri:0, instance:com.selenium_automation.RunnerTest@1f1c7bf6]" started-at="2025-04-22T16:10:16 IST" name="tearDownClass" finished-at="2025-04-22T16:10:16 IST" duration-ms="66" status="PASS">
          <reporter-output>
          </reporter-output>
        </test-method> <!-- tearDownClass -->
      </class> <!-- com.selenium_automation.RunnerTest -->
    </test> <!-- Command line test -->
  </suite> <!-- com.selenium_automation.RunnerTest -->
</testng-results>
