<?xml version="1.0" encoding="UTF-8"?>
<testng-results ignored="0" total="1" passed="1" failed="0" skipped="0">
  <reporter-output>
  </reporter-output>
  <suite started-at="2025-05-01T03:03:16 IST" name="Surefire suite" finished-at="2025-05-01T03:03:23 IST" duration-ms="6558">
    <groups>
      <group name="cucumber">
        <method signature="AbstractTestNGCucumberTests.runScenario(io.cucumber.testng.PickleWrapper,io.cucumber.testng.FeatureWrapper)[pri:0, instance:com.selenium_automation.RunnerTest@a4102b8]" name="runScenario" class="io.cucumber.testng.AbstractTestNGCucumberTests"/>
      </group> <!-- cucumber -->
    </groups>
    <test started-at="2025-05-01T03:03:16 IST" name="Surefire test" finished-at="2025-05-01T03:03:23 IST" duration-ms="6558">
      <class name="com.selenium_automation.RunnerTest">
        <test-method is-config="true" signature="setUpClass(org.testng.ITestContext)[pri:0, instance:com.selenium_automation.RunnerTest@a4102b8]" started-at="2025-05-01T03:03:16 IST" name="setUpClass" finished-at="2025-05-01T03:03:16 IST" duration-ms="298" status="PASS">
          <params>
            <param index="0">
              <value>
                <![CDATA[org.testng.TestRunner@3062f9f4]]>
              </value>
            </param>
          </params>
          <reporter-output>
          </reporter-output>
        </test-method> <!-- setUpClass -->
        <test-method signature="runScenario(io.cucumber.testng.PickleWrapper,io.cucumber.testng.FeatureWrapper)[pri:0, instance:com.selenium_automation.RunnerTest@a4102b8]" started-at="2025-05-01T03:03:16 IST" name="runScenario" description="Runs Cucumber Scenarios" data-provider="scenarios" finished-at="2025-05-01T03:03:23 IST" duration-ms="6184" status="PASS">
          <params>
            <param index="0">
              <value>
                <![CDATA["Swag Labs Login"]]>
              </value>
            </param>
            <param index="1">
              <value>
                <![CDATA["Swag Labs Login"]]>
              </value>
            </param>
          </params>
          <reporter-output>
          </reporter-output>
        </test-method> <!-- runScenario -->
        <test-method is-config="true" signature="tearDownClass()[pri:0, instance:com.selenium_automation.RunnerTest@a4102b8]" started-at="2025-05-01T03:03:23 IST" name="tearDownClass" finished-at="2025-05-01T03:03:23 IST" duration-ms="44" status="PASS">
          <reporter-output>
          </reporter-output>
        </test-method> <!-- tearDownClass -->
      </class> <!-- com.selenium_automation.RunnerTest -->
    </test> <!-- Surefire test -->
  </suite> <!-- Surefire suite -->
</testng-results>
